<?xml version="1.0" encoding="UTF-8"?>
<testsuite xmlns:xsi="http://www.w3.org/2001/XMLSchema-instance" xsi:noNamespaceSchemaLocation="https://maven.apache.org/surefire/maven-surefire-plugin/xsd/surefire-test-report.xsd" name="br.com.bruno.maida.teste.gerenciadorrestaurante.GerenciadorRestauranteApplicationTest" time="19.149" tests="1" errors="0" skipped="0" failures="0">
  <properties>
[...]
</properties>
  <testcase name="contextLoads" classname="br.com.bruno.maida.teste.gerenciadorrestaurante.GerenciadorRestauranteApplicationTest" time="0.958"/>
</testsuite>